The following modules were not unloaded:
  (Use "module --force purge" to unload all):

  1) tis/2017.01   2) releases/2021b   3) databases
── Attaching packages ─────────────────────────────────────── tidyverse 1.3.1 ──
✔ ggplot2 3.3.5     ✔ purrr   0.3.4
✔ tibble  3.1.6     ✔ dplyr   1.0.8
✔ tidyr   1.2.0     ✔ stringr 1.4.0
✔ readr   2.1.2     ✔ forcats 0.5.1
── Conflicts ────────────────────────────────────────── tidyverse_conflicts() ──
✖ dplyr::filter() masks stats::filter()
✖ dplyr::lag()    masks stats::lag()

Attaching package: ‘igraph’

The following objects are masked from ‘package:dplyr’:

    as_data_frame, groups, union

The following objects are masked from ‘package:purrr’:

    compose, simplify

The following object is masked from ‘package:tidyr’:

    crossing

The following object is masked from ‘package:tibble’:

    as_data_frame

The following objects are masked from ‘package:stats’:

    decompose, spectrum

The following object is masked from ‘package:base’:

    union

/var/lib/slurm/slurmd/job3850943/slurm_script: line 20: 120881 Killed                  Rscript model-simulations.R $SLURM_ARRAY_TASK_ID
slurmstepd: error: Detected 1 oom-kill event(s) in StepId=3850943.batch. Some of your processes may have been killed by the cgroup out-of-memory handler.
